<?xml version="1.0" encoding="UTF-8"?>
<!-- Generated by org.testng.reporters.JUnitReportReporter -->
<testsuite skipped="0" hostname="dell-PC" name="com.eproc.qa.testcases.LoginPageTest" tests="3" failures="0" timestamp="31 Aug 2019 10:01:58 GMT" time="31.916" errors="0">
  <testcase name="loginPageTitleTest" time="8.208" classname="com.eproc.qa.testcases.LoginPageTest"/>
  <testcase name="webERPlogoImageTest" time="10.611" classname="com.eproc.qa.testcases.LoginPageTest"/>
  <testcase name="loginTest" time="13.097" classname="com.eproc.qa.testcases.LoginPageTest"/>
</testsuite> <!-- com.eproc.qa.testcases.LoginPageTest -->
