<?xml version="1.0" encoding="UTF-8"?>
<!-- Generated by org.testng.reporters.JUnitReportReporter -->
<testsuite skipped="0" hostname="dell-PC" name="com.eproc.qa.testcases.HomePageTest" tests="1" failures="0" timestamp="04 Sep 2019 15:39:39 GMT" time="7.874" errors="0">
  <testcase name="verifySuppliersLinkTest" time="7.874" classname="com.eproc.qa.testcases.HomePageTest"/>
</testsuite> <!-- com.eproc.qa.testcases.HomePageTest -->
