<?xml version="1.0" encoding="UTF-8"?>
<!-- Generated by org.testng.reporters.JUnitReportReporter -->
<testsuite skipped="0" hostname="dell-PC" name="com.eproc.qa.testcases.NewSupplierAddTest" tests="2" failures="0" timestamp="04 Sep 2019 15:39:39 GMT" time="15.730" errors="0">
  <testcase name="validateNewSupplier" time="7.929" classname="com.eproc.qa.testcases.NewSupplierAddTest"/>
  <testcase name="validateNewSupplier" time="7.801" classname="com.eproc.qa.testcases.NewSupplierAddTest"/>
</testsuite> <!-- com.eproc.qa.testcases.NewSupplierAddTest -->
