<?xml version="1.0" encoding="UTF-8"?>
<!-- Generated by org.testng.reporters.JUnitReportReporter -->
<testsuite skipped="0" hostname="dell-PC" name="com.eproc.qa.testcases.SuppliersPageTest" tests="1" failures="0" timestamp="04 Sep 2019 15:39:39 GMT" time="8.860" errors="0">
  <testcase name="verifyAddNewSupplier" time="8.860" classname="com.eproc.qa.testcases.SuppliersPageTest"/>
</testsuite> <!-- com.eproc.qa.testcases.SuppliersPageTest -->
